{"level":"info","message":"Connected to mongodb://localhost/recipebook...","timestamp":"2022-09-14T14:42:11.820Z"}
{"level":"info","message":"Connected to mongodb://localhost/airline...","timestamp":"2022-09-14T14:52:42.442Z"}
{"message":"secretOrPrivateKey must have a value","stack":"Error: secretOrPrivateKey must have a value\n    at Object.module.exports [as sign] (D:\\Airline SYS MERN\\backent-api\\node_modules\\jsonwebtoken\\sign.js:107:20)\n    at model.userSchema.methods.generateAuthToken (D:\\Airline SYS MERN\\backent-api\\models\\user.js:30:20)\n    at D:\\Airline SYS MERN\\backent-api\\routes\\users.js:39:24\n    at processTicksAndRejections (internal/process/task_queues.js:93:5)","level":"error","timestamp":"2022-09-14T14:56:44.698Z"}
{"level":"info","message":"Connected to mongodb://localhost/airline...","timestamp":"2022-09-14T14:57:47.732Z"}
{"level":"info","message":"Connected to mongodb://localhost/airline...","timestamp":"2022-09-14T14:58:40.806Z"}
{"level":"info","message":"Connected to mongodb://localhost/airline...","timestamp":"2022-09-14T14:59:08.246Z"}
{"message":"secretOrPrivateKey must have a value","stack":"Error: secretOrPrivateKey must have a value\n    at Object.module.exports [as sign] (D:\\Airline SYS MERN\\backent-api\\node_modules\\jsonwebtoken\\sign.js:107:20)\n    at model.userSchema.methods.generateAuthToken (D:\\Airline SYS MERN\\backent-api\\models\\user.js:30:20)\n    at D:\\Airline SYS MERN\\backent-api\\routes\\users.js:39:24\n    at processTicksAndRejections (internal/process/task_queues.js:93:5)","level":"error","timestamp":"2022-09-14T15:01:48.611Z"}
{"level":"info","message":"Connected to mongodb://localhost/airline...","timestamp":"2022-09-14T15:03:17.959Z"}
{"level":"info","message":"Connected to mongodb://localhost/airline...","timestamp":"2022-09-14T15:04:11.738Z"}
{"level":"info","message":"Connected to mongodb://localhost/airline...","timestamp":"2022-09-14T15:06:16.759Z"}
{"level":"info","message":"Connected to mongodb://localhost/airline...","timestamp":"2022-09-14T15:06:58.473Z"}
{"level":"info","message":"Connected to mongodb://localhost/airline...","timestamp":"2022-09-14T15:08:56.994Z"}
{"level":"info","message":"Connected to mongodb://localhost/airline...","timestamp":"2022-09-14T15:09:19.716Z"}
{"level":"info","message":"Connected to mongodb://localhost/airline...","timestamp":"2022-09-14T15:09:43.409Z"}
{"level":"info","message":"Connected to mongodb://localhost/airline...","timestamp":"2022-09-14T15:10:23.077Z"}
{"level":"info","message":"Connected to mongodb://localhost/airline...","timestamp":"2022-09-14T15:12:28.069Z"}
{"level":"info","message":"Connected to mongodb://localhost/airline...","timestamp":"2022-09-14T15:13:25.370Z"}
{"level":"info","message":"Connected to mongodb://localhost/airline...","timestamp":"2022-09-14T15:14:17.153Z"}
{"level":"info","message":"Connected to mongodb://localhost/airline...","timestamp":"2022-09-14T15:26:39.672Z"}
{"level":"info","message":"Connected to mongodb://localhost/airline...","timestamp":"2022-09-14T15:27:35.741Z"}
{"message":"Bookings validation failed: dest1: Path `dest1` is required., dest2: Path `dest2` is required.","stack":"ValidationError: Bookings validation failed: dest1: Path `dest1` is required., dest2: Path `dest2` is required.\n    at model.Document.invalidate (D:\\Airline SYS MERN\\backent-api\\node_modules\\mongoose\\lib\\document.js:2782:32)\n    at D:\\Airline SYS MERN\\backent-api\\node_modules\\mongoose\\lib\\document.js:2574:17\n    at D:\\Airline SYS MERN\\backent-api\\node_modules\\mongoose\\lib\\schematype.js:1273:9\n    at processTicksAndRejections (internal/process/task_queues.js:75:11)","errors":{"dest1":{"properties":{"message":"Path `dest1` is required.","type":"required","path":"dest1"},"kind":"required","path":"dest1"},"dest2":{"properties":{"message":"Path `dest2` is required.","type":"required","path":"dest2"},"kind":"required","path":"dest2"}},"_message":"Bookings validation failed","level":"error","timestamp":"2022-09-14T15:29:22.813Z"}
{"level":"info","message":"Connected to mongodb://localhost/airline...","timestamp":"2022-09-14T15:32:08.657Z"}
{"level":"info","message":"Connected to mongodb://localhost/airline...","timestamp":"2022-09-14T16:01:42.862Z"}
{"message":"Missing credentials for \"PLAIN\"","stack":"Error: Missing credentials for \"PLAIN\"\n    at SMTPConnection._formatError (D:\\Airline SYS MERN\\backent-api\\node_modules\\nodemailer\\lib\\smtp-connection\\index.js:787:19)\n    at SMTPConnection.login (D:\\Airline SYS MERN\\backent-api\\node_modules\\nodemailer\\lib\\smtp-connection\\index.js:441:38)\n    at D:\\Airline SYS MERN\\backent-api\\node_modules\\nodemailer\\lib\\smtp-transport\\index.js:272:32\n    at SMTPConnection.<anonymous> (D:\\Airline SYS MERN\\backent-api\\node_modules\\nodemailer\\lib\\smtp-connection\\index.js:211:17)\n    at Object.onceWrapper (events.js:299:28)\n    at SMTPConnection.emit (events.js:210:5)\n    at SMTPConnection._actionEHLO (D:\\Airline SYS MERN\\backent-api\\node_modules\\nodemailer\\lib\\smtp-connection\\index.js:1322:14)\n    at SMTPConnection._processResponse (D:\\Airline SYS MERN\\backent-api\\node_modules\\nodemailer\\lib\\smtp-connection\\index.js:950:20)\n    at SMTPConnection._onData (D:\\Airline SYS MERN\\backent-api\\node_modules\\nodemailer\\lib\\smtp-connection\\index.js:752:14)\n    at TLSSocket.SMTPConnection._onSocketData (D:\\Airline SYS MERN\\backent-api\\node_modules\\nodemailer\\lib\\smtp-connection\\index.js:191:44)\n    at TLSSocket.emit (events.js:210:5)\n    at addChunk (_stream_readable.js:308:12)\n    at readableAddChunk (_stream_readable.js:289:11)\n    at TLSSocket.Readable.push (_stream_readable.js:223:10)\n    at TLSWrap.onStreamRead (internal/stream_base_commons.js:182:23)","code":"EAUTH","command":"API","level":"error","timestamp":"2022-09-14T16:32:52.703Z"}
{"message":"Missing credentials for \"PLAIN\"","stack":"Error: Missing credentials for \"PLAIN\"\n    at SMTPConnection._formatError (D:\\Airline SYS MERN\\backent-api\\node_modules\\nodemailer\\lib\\smtp-connection\\index.js:787:19)\n    at SMTPConnection.login (D:\\Airline SYS MERN\\backent-api\\node_modules\\nodemailer\\lib\\smtp-connection\\index.js:441:38)\n    at D:\\Airline SYS MERN\\backent-api\\node_modules\\nodemailer\\lib\\smtp-transport\\index.js:272:32\n    at SMTPConnection.<anonymous> (D:\\Airline SYS MERN\\backent-api\\node_modules\\nodemailer\\lib\\smtp-connection\\index.js:211:17)\n    at Object.onceWrapper (events.js:299:28)\n    at SMTPConnection.emit (events.js:210:5)\n    at SMTPConnection._actionEHLO (D:\\Airline SYS MERN\\backent-api\\node_modules\\nodemailer\\lib\\smtp-connection\\index.js:1322:14)\n    at SMTPConnection._processResponse (D:\\Airline SYS MERN\\backent-api\\node_modules\\nodemailer\\lib\\smtp-connection\\index.js:950:20)\n    at SMTPConnection._onData (D:\\Airline SYS MERN\\backent-api\\node_modules\\nodemailer\\lib\\smtp-connection\\index.js:752:14)\n    at TLSSocket.SMTPConnection._onSocketData (D:\\Airline SYS MERN\\backent-api\\node_modules\\nodemailer\\lib\\smtp-connection\\index.js:191:44)\n    at TLSSocket.emit (events.js:210:5)\n    at addChunk (_stream_readable.js:308:12)\n    at readableAddChunk (_stream_readable.js:289:11)\n    at TLSSocket.Readable.push (_stream_readable.js:223:10)\n    at TLSWrap.onStreamRead (internal/stream_base_commons.js:182:23)","code":"EAUTH","command":"API","level":"error","timestamp":"2022-09-14T16:35:33.380Z"}
{"level":"info","message":"Connected to mongodb://localhost/airline...","timestamp":"2022-09-14T16:41:44.376Z"}
